{
 "getUserMedia": [
  {
   "audio": "{advanced: [{deviceId: {exact: [\"undefined\"]}}, {echoCancellation: {exact: true}}, {googEchoCancellation: {exact: true}}, {autoGainControl: {exact: true}}, {noiseSuppression: {exact: true}}, {googHighpassFilter: {exact: true}}, {googExperimentalNoiseSuppression: {exact: true}}, {googExperimentalEchoCancellation: {exact: true}}, {googExperimentalAutoGainControl: {exact: true}}]}",
   "origin": "https://meet.jit.si",
   "pid": 3793,
   "rid": 6,
   "timestamp": 1620328931541.89,
   "video": "{width: {min: 320, max: 1280, ideal: 1280}, height: {min: 180, max: 720, ideal: 720}, facingMode: {ideal: [\"user\"]}}"
  },
  {
   "audio": "{advanced: [{deviceId: {exact: [\"default\"]}}, {echoCancellation: {exact: true}}, {googEchoCancellation: {exact: true}}, {autoGainControl: {exact: true}}, {noiseSuppression: {exact: true}}, {googHighpassFilter: {exact: true}}, {googExperimentalNoiseSuppression: {exact: true}}, {googExperimentalEchoCancellation: {exact: true}}, {googExperimentalAutoGainControl: {exact: true}}]}",
   "origin": "https://meet.jit.si",
   "pid": 3793,
   "rid": 6,
   "timestamp": 1620328942822.74
  }
 ],
 "PeerConnections": {},
 "UserAgent": "Mozilla/5.0 (X11; Linux x86_64) AppleWebKit/537.36 (KHTML, like Gecko) HeadlessChrome/90.0.4430.93 Safari/537.36"
}